TN:
SF:src\com\eduworks\ec\array\EcArray.js
FN:20,(anonymous_0)
FN:31,(anonymous_1)
FN:47,(anonymous_2)
FN:59,(anonymous_3)
FN:71,(anonymous_4)
FN:99,(anonymous_5)
FNF:6
FNH:6
FNDA:538,(anonymous_0)
FNDA:1,(anonymous_1)
FNDA:2,(anonymous_2)
FNDA:3,(anonymous_3)
FNDA:10,(anonymous_4)
FNDA:3,(anonymous_5)
DA:1,1
DA:10,1
DA:20,1
DA:21,538
DA:31,1
DA:32,1
DA:33,4
DA:34,10
DA:35,6
DA:47,1
DA:48,2
DA:59,1
DA:60,3
DA:71,1
DA:72,10
DA:73,2
DA:74,0
DA:75,0
DA:76,0
DA:82,8
DA:83,17
DA:84,4
DA:87,6
DA:99,1
DA:100,3
DA:101,0
DA:102,0
DA:103,0
DA:104,0
DA:110,3
DA:111,3
DA:112,3
DA:115,0
LF:33
LH:25
BRDA:34,0,0,4
BRDA:34,0,1,6
BRDA:35,1,0,1
BRDA:35,1,1,5
BRDA:48,2,0,1
BRDA:48,2,1,1
BRDA:72,3,0,2
BRDA:72,3,1,8
BRDA:74,4,0,0
BRDA:74,4,1,0
BRDA:76,5,0,0
BRDA:76,5,1,0
BRDA:83,6,0,4
BRDA:83,6,1,13
BRDA:100,7,0,0
BRDA:100,7,1,3
BRDA:102,8,0,0
BRDA:102,8,1,0
BRDA:104,9,0,0
BRDA:104,9,1,0
BRDA:111,10,0,3
BRDA:111,10,1,0
BRF:22
BRH:12
end_of_record
TN:
SF:src\com\eduworks\ec\array\EcObject.js
FN:17,(anonymous_0)
FN:30,(anonymous_1)
FNF:2
FNH:2
FNDA:291,(anonymous_0)
FNDA:1,(anonymous_1)
DA:8,1
DA:17,1
DA:18,291
DA:19,290
DA:20,290
DA:30,1
DA:31,1
LF:7
LH:7
BRDA:18,0,0,1
BRDA:18,0,1,290
BRDA:19,1,0,0
BRDA:19,1,1,290
BRF:4
BRH:3
end_of_record
TN:
SF:src\com\eduworks\ec\crypto\EcAes.js
FN:16,(anonymous_0)
FN:27,(anonymous_1)
FNF:2
FNH:2
FNDA:20,(anonymous_0)
FNDA:299,(anonymous_1)
DA:1,1
DA:8,1
DA:16,1
DA:17,20
DA:18,19
DA:27,1
DA:28,299
DA:29,298
LF:8
LH:8
BRDA:17,0,0,1
BRDA:17,0,1,19
BRDA:28,1,0,1
BRDA:28,1,1,298
BRF:4
BRH:4
end_of_record
TN:
SF:src\com\eduworks\ec\crypto\EcAesCtr.js
FN:25,(anonymous_0)
FN:60,(anonymous_1)
FNF:2
FNH:2
FNDA:5,(anonymous_0)
FNDA:6,(anonymous_1)
DA:1,1
DA:2,1
DA:11,1
DA:26,5
DA:27,1
DA:30,5
DA:31,5
DA:36,0
DA:37,5
DA:41,5
DA:42,5
DA:43,5
DA:44,5
DA:45,5
DA:61,6
DA:62,0
DA:65,6
DA:66,6
DA:67,2
DA:68,2
DA:70,5
DA:75,0
DA:76,0
DA:77,0
DA:78,0
DA:80,5
DA:84,5
DA:85,5
DA:86,5
DA:87,5
DA:88,5
DA:89,1
DA:92,5
LF:33
LH:27
BRDA:26,0,0,1
BRDA:26,0,1,4
BRDA:31,1,0,0
BRDA:31,1,1,5
BRDA:32,2,0,5
BRDA:32,2,1,0
BRDA:32,2,2,0
BRDA:61,3,0,0
BRDA:61,3,1,6
BRDA:66,4,0,2
BRDA:66,4,1,4
BRDA:68,5,0,1
BRDA:68,5,1,1
BRDA:70,6,0,0
BRDA:70,6,1,5
BRDA:71,7,0,5
BRDA:71,7,1,0
BRDA:71,7,2,0
BRDA:76,8,0,0
BRDA:76,8,1,0
BRDA:88,9,0,1
BRDA:88,9,1,4
BRF:22
BRH:13
end_of_record
TN:
SF:src\com\eduworks\ec\crypto\EcAesCtrAsync.js
FN:30,(anonymous_0)
FN:41,(anonymous_1)
FN:66,(anonymous_2)
FN:99,(anonymous_3)
FN:102,(anonymous_4)
FN:125,(anonymous_5)
FN:163,(anonymous_6)
FN:166,(anonymous_7)
FNF:8
FNH:4
FNDA:39,(anonymous_0)
FNDA:39,(anonymous_1)
FNDA:128,(anonymous_2)
FNDA:0,(anonymous_3)
FNDA:0,(anonymous_4)
FNDA:118,(anonymous_5)
FNDA:0,(anonymous_6)
FNDA:0,(anonymous_7)
DA:1,1
DA:2,1
DA:3,1
DA:4,1
DA:5,1
DA:7,0
DA:8,0
DA:9,0
DA:10,0
DA:11,0
DA:12,0
DA:13,0
DA:15,0
DA:19,1
DA:20,1
DA:21,1
DA:22,1
DA:23,1
DA:29,1
DA:31,39
DA:32,0
DA:33,0
DA:34,0
DA:37,0
DA:42,39
DA:43,0
DA:44,0
DA:45,0
DA:48,0
DA:67,128
DA:73,128
DA:81,0
DA:82,0
DA:83,0
DA:84,0
DA:85,0
DA:86,0
DA:87,0
DA:89,0
DA:90,0
DA:100,0
DA:103,0
DA:104,0
DA:126,118
DA:127,4
DA:128,4
DA:129,1
DA:132,117
DA:138,117
DA:146,0
DA:147,0
DA:148,0
DA:149,0
DA:150,0
DA:151,0
DA:153,0
DA:154,0
DA:164,0
DA:167,0
DA:170,0
DA:171,0
LF:61
LH:21
BRDA:5,0,0,0
BRDA:5,0,1,1
BRDA:7,1,0,0
BRDA:7,1,1,0
BRDA:7,2,0,0
BRDA:7,2,1,0
BRDA:7,2,2,0
BRDA:8,3,0,0
BRDA:8,3,1,0
BRDA:12,4,0,0
BRDA:12,4,1,0
BRDA:31,5,0,0
BRDA:31,5,1,39
BRDA:31,6,0,39
BRDA:31,6,1,39
BRDA:31,6,2,39
BRDA:32,7,0,0
BRDA:32,7,1,0
BRDA:42,8,0,0
BRDA:42,8,1,39
BRDA:42,9,0,39
BRDA:42,9,1,39
BRDA:42,9,2,39
BRDA:43,10,0,0
BRDA:43,10,1,0
BRDA:67,11,0,128
BRDA:67,11,1,0
BRDA:68,12,0,128
BRDA:68,12,1,0
BRDA:68,12,2,0
BRDA:68,12,3,0
BRDA:126,13,0,4
BRDA:126,13,1,114
BRDA:128,14,0,1
BRDA:128,14,1,3
BRDA:132,15,0,117
BRDA:132,15,1,0
BRDA:133,16,0,117
BRDA:133,16,1,0
BRDA:133,16,2,0
BRDA:133,16,3,0
BRF:41
BRH:17
end_of_record
TN:
SF:src\com\eduworks\ec\crypto\EcAesCtrAsyncWorker.js
FN:31,(anonymous_0)
FN:63,(anonymous_1)
FN:87,(anonymous_2)
FN:91,(anonymous_3)
FNF:4
FNH:4
FNDA:245,(anonymous_0)
FNDA:235,(anonymous_1)
FNDA:234,(anonymous_2)
FNDA:4,(anonymous_3)
DA:1,1
DA:3,1
DA:4,1
DA:5,1
DA:6,1
DA:7,1
DA:16,1
DA:32,245
DA:33,245
DA:34,0
DA:40,245
DA:41,245
DA:42,245
DA:43,245
DA:44,245
DA:45,245
DA:46,245
DA:47,245
DA:64,235
DA:65,5
DA:66,5
DA:67,5
DA:68,1
DA:71,234
DA:72,234
DA:73,0
DA:79,234
DA:80,234
DA:81,234
DA:82,234
DA:83,234
DA:84,234
DA:85,234
DA:86,234
DA:87,234
DA:88,234
DA:90,234
DA:91,4
DA:92,4
DA:96,234
LF:40
LH:38
BRDA:33,0,0,0
BRDA:33,0,1,245
BRDA:64,1,0,5
BRDA:64,1,1,230
BRDA:67,2,0,1
BRDA:67,2,1,4
BRDA:72,3,0,0
BRDA:72,3,1,234
BRDA:90,4,0,4
BRDA:90,4,1,230
BRF:10
BRH:8
end_of_record
TN:
SF:src\com\eduworks\ec\crypto\EcCrypto.js
FN:27,(anonymous_0)
FN:49,(anonymous_1)
FN:63,(anonymous_2)
FN:66,(anonymous_3)
FN:69,(anonymous_4)
FNF:5
FNH:5
FNDA:2,(anonymous_0)
FNDA:2,(anonymous_1)
FNDA:3,(anonymous_2)
FNDA:72,(anonymous_3)
FNDA:9,(anonymous_4)
DA:1,1
DA:2,1
DA:7,1
DA:13,1
DA:14,1
DA:15,1
DA:16,1
DA:17,1
DA:18,1
DA:28,2
DA:29,2
DA:30,2
DA:31,1
DA:32,1
DA:33,1
DA:35,2
DA:37,0
DA:38,0
DA:39,0
DA:50,2
DA:51,2
DA:52,2
DA:53,1
DA:54,1
DA:55,1
DA:57,2
DA:59,0
DA:60,0
DA:61,0
DA:64,3
DA:67,72
DA:71,9
DA:72,9
DA:73,9
LF:34
LH:28
BRDA:29,0,0,2
BRDA:29,0,1,0
BRDA:30,1,0,1
BRDA:30,1,1,1
BRDA:51,2,0,2
BRDA:51,2,1,0
BRDA:52,3,0,1
BRDA:52,3,1,1
BRF:8
BRH:6
end_of_record
TN:
SF:src\com\eduworks\ec\crypto\EcPk.js
FN:26,(anonymous_0)
FN:46,(anonymous_1)
FN:57,(anonymous_2)
FN:72,(anonymous_3)
FN:85,(anonymous_4)
FN:92,(anonymous_5)
FN:103,(anonymous_6)
FN:106,(anonymous_7)
FNF:8
FNH:4
FNDA:61,(anonymous_0)
FNDA:0,(anonymous_1)
FNDA:112,(anonymous_2)
FNDA:0,(anonymous_3)
FNDA:0,(anonymous_4)
FNDA:5,(anonymous_5)
FNDA:0,(anonymous_6)
FNDA:8,(anonymous_7)
DA:1,1
DA:2,1
DA:10,1
DA:11,1
DA:12,2
DA:13,2
DA:14,2
DA:15,2
DA:16,2
DA:27,61
DA:28,61
DA:29,60
DA:30,1
DA:31,1
DA:32,1
DA:34,0
DA:36,1
DA:37,1
DA:47,0
DA:48,0
DA:58,112
DA:59,2
DA:63,112
DA:72,2
DA:73,0
DA:85,2
DA:86,0
DA:93,5
DA:94,2
DA:95,5
DA:104,0
DA:107,8
LF:32
LH:26
BRDA:28,0,0,60
BRDA:28,0,1,1
BRDA:47,1,0,0
BRDA:47,1,1,0
BRDA:58,2,0,2
BRDA:58,2,1,110
BRDA:93,3,0,2
BRDA:93,3,1,3
BRF:8
BRH:6
end_of_record
TN:
SF:src\com\eduworks\ec\crypto\EcPpk.js
FN:29,(anonymous_0)
FN:50,(anonymous_1)
FN:51,(anonymous_2)
FN:52,(anonymous_3)
FN:68,(anonymous_4)
FN:82,(anonymous_5)
FN:96,(anonymous_6)
FN:111,(anonymous_7)
FN:124,(anonymous_8)
FN:134,(anonymous_9)
FN:139,(anonymous_10)
FN:150,(anonymous_11)
FN:163,(anonymous_12)
FNF:13
FNH:5
FNDA:31,(anonymous_0)
FNDA:0,(anonymous_1)
FNDA:0,(anonymous_2)
FNDA:0,(anonymous_3)
FNDA:0,(anonymous_4)
FNDA:0,(anonymous_5)
FNDA:26,(anonymous_6)
FNDA:0,(anonymous_7)
FNDA:0,(anonymous_8)
FNDA:3,(anonymous_9)
FNDA:0,(anonymous_10)
FNDA:88,(anonymous_11)
FNDA:2,(anonymous_12)
DA:1,1
DA:2,1
DA:3,1
DA:4,1
DA:12,1
DA:13,1
DA:14,1
DA:15,1
DA:16,1
DA:17,1
DA:18,1
DA:19,1
DA:30,31
DA:31,31
DA:32,30
DA:33,1
DA:34,1
DA:35,1
DA:37,0
DA:38,0
DA:40,1
DA:41,1
DA:51,0
DA:52,0
DA:53,0
DA:54,0
DA:55,0
DA:56,0
DA:57,0
DA:69,0
DA:70,0
DA:71,0
DA:72,0
DA:83,0
DA:84,0
DA:85,0
DA:86,0
DA:87,0
DA:97,26
DA:98,1
DA:102,26
DA:111,1
DA:112,0
DA:124,1
DA:125,0
DA:135,3
DA:136,1
DA:137,3
DA:139,1
DA:140,0
DA:151,88
DA:152,1
DA:153,1
DA:154,1
DA:164,2
DA:165,1
DA:167,1
LF:57
LH:36
BRDA:31,0,0,30
BRDA:31,0,1,1
BRDA:55,1,0,0
BRDA:55,1,1,0
BRDA:83,2,0,0
BRDA:83,2,1,0
BRDA:85,3,0,0
BRDA:85,3,1,0
BRDA:97,4,0,1
BRDA:97,4,1,25
BRDA:135,5,0,1
BRDA:135,5,1,2
BRDA:151,6,0,87
BRDA:151,6,1,1
BRDA:165,7,0,0
BRDA:165,7,1,0
BRF:16
BRH:8
end_of_record
TN:
SF:src\com\eduworks\ec\crypto\EcPpkFacade.js
FN:15,(anonymous_0)
FN:30,(anonymous_1)
FN:44,(anonymous_2)
FN:58,(anonymous_3)
FN:68,(anonymous_4)
FN:78,(anonymous_5)
FN:81,(anonymous_6)
FN:84,(anonymous_7)
FN:93,(anonymous_8)
FN:103,(anonymous_9)
FNF:10
FNH:0
FNDA:0,(anonymous_0)
FNDA:0,(anonymous_1)
FNDA:0,(anonymous_2)
FNDA:0,(anonymous_3)
FNDA:0,(anonymous_4)
FNDA:0,(anonymous_5)
FNDA:0,(anonymous_6)
FNDA:0,(anonymous_7)
FNDA:0,(anonymous_8)
FNDA:0,(anonymous_9)
DA:1,1
DA:2,1
DA:3,1
DA:4,1
DA:12,1
DA:13,0
DA:16,0
DA:17,0
DA:18,0
DA:31,0
DA:32,0
DA:33,0
DA:34,0
DA:45,0
DA:46,0
DA:47,0
DA:48,0
DA:49,0
DA:59,0
DA:68,0
DA:69,0
DA:78,0
DA:79,0
DA:82,0
DA:84,0
DA:85,0
DA:94,0
DA:104,0
DA:105,0
DA:107,0
LF:30
LH:5
BRDA:17,0,0,0
BRDA:17,0,1,0
BRDA:32,1,0,0
BRDA:32,1,1,0
BRDA:45,2,0,0
BRDA:45,2,1,0
BRDA:47,3,0,0
BRDA:47,3,1,0
BRDA:105,4,0,0
BRDA:105,4,1,0
BRF:10
BRH:0
end_of_record
TN:
SF:src\com\eduworks\ec\crypto\EcRsaOaep.js
FN:23,(anonymous_0)
FN:47,(anonymous_1)
FN:85,(anonymous_2)
FN:110,(anonymous_3)
FN:132,(anonymous_4)
FN:164,(anonymous_5)
FNF:6
FNH:6
FNDA:3,(anonymous_0)
FNDA:4,(anonymous_1)
FNDA:3,(anonymous_2)
FNDA:3,(anonymous_3)
FNDA:4,(anonymous_4)
FNDA:4,(anonymous_5)
DA:1,1
DA:2,1
DA:12,1
DA:24,3
DA:25,0
DA:28,3
DA:29,3
DA:30,0
DA:32,3
DA:48,4
DA:49,0
DA:52,4
DA:53,4
DA:54,2
DA:55,2
DA:56,2
DA:57,1
DA:61,3
DA:62,0
DA:64,3
DA:68,3
DA:69,1
DA:71,3
DA:86,3
DA:87,0
DA:90,3
DA:91,3
DA:92,0
DA:94,3
DA:95,3
DA:96,3
DA:110,1
DA:111,3
DA:112,0
DA:115,3
DA:116,3
DA:117,3
DA:118,3
DA:133,4
DA:134,0
DA:137,4
DA:138,4
DA:139,0
DA:141,4
DA:142,4
DA:143,4
DA:144,4
DA:149,0
DA:164,1
DA:165,4
DA:166,0
DA:169,4
DA:170,4
DA:171,0
DA:173,4
DA:174,4
DA:175,4
DA:176,4
DA:181,0
LF:59
LH:46
BRDA:24,0,0,0
BRDA:24,0,1,3
BRDA:29,1,0,0
BRDA:29,1,1,3
BRDA:48,2,0,0
BRDA:48,2,1,4
BRDA:53,3,0,2
BRDA:53,3,1,2
BRDA:56,4,0,1
BRDA:56,4,1,1
BRDA:61,5,0,0
BRDA:61,5,1,3
BRDA:68,6,0,1
BRDA:68,6,1,2
BRDA:86,7,0,0
BRDA:86,7,1,3
BRDA:91,8,0,0
BRDA:91,8,1,3
BRDA:111,9,0,0
BRDA:111,9,1,3
BRDA:133,10,0,0
BRDA:133,10,1,4
BRDA:138,11,0,0
BRDA:138,11,1,4
BRDA:165,12,0,0
BRDA:165,12,1,4
BRDA:170,13,0,0
BRDA:170,13,1,4
BRF:28
BRH:17
end_of_record
TN:
SF:src\com\eduworks\ec\crypto\EcRsaOaepAsync.js
FN:43,(anonymous_0)
FN:67,(anonymous_1)
FN:82,(anonymous_2)
FN:101,(anonymous_3)
FN:127,(anonymous_4)
FN:144,(anonymous_5)
FN:153,(anonymous_6)
FN:163,(anonymous_7)
FN:184,(anonymous_8)
FN:206,(anonymous_9)
FN:214,(anonymous_10)
FN:230,(anonymous_11)
FN:250,(anonymous_12)
FN:269,(anonymous_13)
FN:284,(anonymous_14)
FN:304,(anonymous_15)
FN:329,(anonymous_16)
FN:336,(anonymous_17)
FN:351,(anonymous_18)
FN:374,(anonymous_19)
FN:399,(anonymous_20)
FN:406,(anonymous_21)
FN:421,(anonymous_22)
FNF:23
FNH:21
FNDA:25,(anonymous_0)
FNDA:3,(anonymous_1)
FNDA:25,(anonymous_2)
FNDA:4,(anonymous_3)
FNDA:3,(anonymous_4)
FNDA:1,(anonymous_5)
FNDA:0,(anonymous_6)
FNDA:0,(anonymous_7)
FNDA:36,(anonymous_8)
FNDA:1,(anonymous_9)
FNDA:1,(anonymous_10)
FNDA:35,(anonymous_11)
FNDA:3,(anonymous_12)
FNDA:1,(anonymous_13)
FNDA:3,(anonymous_14)
FNDA:4,(anonymous_15)
FNDA:1,(anonymous_16)
FNDA:1,(anonymous_17)
FNDA:3,(anonymous_18)
FNDA:4,(anonymous_19)
FNDA:1,(anonymous_20)
FNDA:1,(anonymous_21)
FNDA:3,(anonymous_22)
DA:1,1
DA:2,1
DA:3,1
DA:4,1
DA:5,1
DA:6,1
DA:8,1
DA:9,0
DA:10,0
DA:11,1
DA:12,1
DA:13,1
DA:14,1
DA:16,0
DA:20,1
DA:21,1
DA:22,1
DA:23,1
DA:29,1
DA:44,25
DA:50,0
DA:57,25
DA:58,25
DA:59,25
DA:60,25
DA:61,25
DA:62,25
DA:63,25
DA:64,25
DA:65,3
DA:68,3
DA:69,3
DA:76,22
DA:82,25
DA:83,25
DA:84,25
DA:86,25
DA:102,4
DA:103,4
DA:104,4
DA:105,4
DA:106,1
DA:109,3
DA:115,0
DA:122,3
DA:123,3
DA:124,3
DA:125,3
DA:127,3
DA:128,3
DA:129,3
DA:131,0
DA:133,3
DA:134,3
DA:136,3
DA:137,3
DA:139,3
DA:140,1
DA:141,1
DA:142,1
DA:145,1
DA:146,1
DA:154,0
DA:155,0
DA:156,0
DA:158,1
DA:160,2
DA:164,0
DA:165,0
DA:166,0
DA:168,2
DA:185,36
DA:191,0
DA:193,36
DA:194,0
DA:197,36
DA:198,36
DA:199,36
DA:200,36
DA:201,36
DA:202,36
DA:203,1
DA:207,1
DA:208,1
DA:216,1
DA:223,35
DA:231,35
DA:250,1
DA:251,3
DA:257,0
DA:259,3
DA:260,3
DA:261,3
DA:262,3
DA:263,3
DA:264,3
DA:265,3
DA:266,3
DA:267,1
DA:270,1
DA:271,1
DA:278,2
DA:284,3
DA:285,3
DA:286,3
DA:288,3
DA:305,4
DA:311,0
DA:319,4
DA:320,4
DA:321,4
DA:322,4
DA:323,4
DA:324,1
DA:325,1
DA:326,1
DA:330,1
DA:331,1
DA:337,1
DA:338,1
DA:345,3
DA:352,3
DA:353,3
DA:375,4
DA:381,0
DA:389,4
DA:390,4
DA:391,4
DA:392,4
DA:393,4
DA:394,1
DA:395,1
DA:396,1
DA:400,1
DA:401,1
DA:407,1
DA:408,1
DA:415,3
DA:422,3
DA:423,3
LF:140
LH:123
BRDA:6,0,0,1
BRDA:6,0,1,0
BRDA:8,1,0,0
BRDA:8,1,1,1
BRDA:8,2,0,1
BRDA:8,2,1,0
BRDA:8,2,2,0
BRDA:9,3,0,0
BRDA:9,3,1,0
BRDA:13,4,0,1
BRDA:13,4,1,0
BRDA:44,5,0,0
BRDA:44,5,1,25
BRDA:45,6,0,25
BRDA:45,6,1,25
BRDA:45,6,2,25
BRDA:45,6,3,25
BRDA:64,7,0,3
BRDA:64,7,1,22
BRDA:102,8,0,4
BRDA:102,8,1,0
BRDA:105,9,0,1
BRDA:105,9,1,3
BRDA:109,10,0,0
BRDA:109,10,1,3
BRDA:110,11,0,3
BRDA:110,11,1,3
BRDA:110,11,2,3
BRDA:110,11,3,3
BRDA:133,12,0,3
BRDA:133,12,1,0
BRDA:139,13,0,1
BRDA:139,13,1,2
BRDA:185,14,0,0
BRDA:185,14,1,36
BRDA:186,15,0,36
BRDA:186,15,1,36
BRDA:186,15,2,36
BRDA:186,15,3,36
BRDA:193,16,0,0
BRDA:193,16,1,36
BRDA:202,17,0,1
BRDA:202,17,1,35
BRDA:251,18,0,0
BRDA:251,18,1,3
BRDA:252,19,0,3
BRDA:252,19,1,3
BRDA:252,19,2,3
BRDA:252,19,3,3
BRDA:266,20,0,1
BRDA:266,20,1,2
BRDA:305,21,0,0
BRDA:305,21,1,4
BRDA:306,22,0,4
BRDA:306,22,1,4
BRDA:306,22,2,4
BRDA:306,22,3,4
BRDA:323,23,0,1
BRDA:323,23,1,3
BRDA:375,24,0,0
BRDA:375,24,1,4
BRDA:376,25,0,4
BRDA:376,25,1,4
BRDA:376,25,2,4
BRDA:376,25,3,4
BRDA:393,26,0,1
BRDA:393,26,1,3
BRF:67
BRH:51
end_of_record
TN:
SF:src\com\eduworks\ec\crypto\EcRsaOaepAsyncWorker.js
FN:24,(anonymous_0)
FN:33,(anonymous_1)
FN:46,(anonymous_2)
FN:55,(anonymous_3)
FN:85,(anonymous_4)
FN:89,(anonymous_5)
FN:117,(anonymous_6)
FN:128,(anonymous_7)
FN:140,(anonymous_8)
FN:144,(anonymous_9)
FN:164,(anonymous_10)
FN:168,(anonymous_11)
FN:195,(anonymous_12)
FN:199,(anonymous_13)
FN:227,(anonymous_14)
FN:230,(anonymous_15)
FN:259,(anonymous_16)
FN:262,(anonymous_17)
FNF:18
FNH:11
FNDA:7,(anonymous_0)
FNDA:501,(anonymous_1)
FNDA:8,(anonymous_2)
FNDA:0,(anonymous_3)
FNDA:4,(anonymous_4)
FNDA:0,(anonymous_5)
FNDA:5,(anonymous_6)
FNDA:0,(anonymous_7)
FNDA:4,(anonymous_8)
FNDA:2,(anonymous_9)
FNDA:3,(anonymous_10)
FNDA:0,(anonymous_11)
FNDA:3,(anonymous_12)
FNDA:0,(anonymous_13)
FNDA:4,(anonymous_14)
FNDA:0,(anonymous_15)
FNDA:4,(anonymous_16)
FNDA:0,(anonymous_17)
DA:2,1
DA:3,1
DA:4,1
DA:5,1
DA:6,1
DA:7,1
DA:8,1
DA:9,1
DA:10,1
DA:11,1
DA:21,1
DA:22,1
DA:23,1
DA:25,7
DA:26,1
DA:28,8
DA:29,8
DA:31,7
DA:34,501
DA:35,0
DA:37,501
DA:38,500
DA:40,1
DA:41,1
DA:42,1
DA:43,8
DA:47,8
DA:48,8
DA:49,8
DA:50,8
DA:52,0
DA:53,0
DA:54,0
DA:55,0
DA:56,0
DA:57,0
DA:58,0
DA:59,0
DA:61,0
DA:65,0
DA:69,8
DA:70,8
DA:86,4
DA:87,4
DA:88,4
DA:89,0
DA:90,0
DA:92,0
DA:94,4
DA:95,4
DA:96,4
DA:97,4
DA:98,4
DA:99,4
DA:101,4
DA:102,4
DA:118,5
DA:119,3
DA:120,3
DA:121,3
DA:122,1
DA:125,4
DA:126,4
DA:127,4
DA:128,0
DA:129,0
DA:131,0
DA:133,4
DA:134,4
DA:135,4
DA:136,4
DA:137,4
DA:138,4
DA:139,4
DA:140,4
DA:141,4
DA:143,4
DA:144,2
DA:145,2
DA:149,4
DA:165,3
DA:166,3
DA:167,3
DA:168,0
DA:169,0
DA:171,0
DA:173,3
DA:174,3
DA:175,3
DA:176,3
DA:177,3
DA:178,3
DA:179,3
DA:180,3
DA:195,1
DA:196,3
DA:197,3
DA:198,3
DA:199,0
DA:200,0
DA:202,0
DA:204,3
DA:205,3
DA:206,3
DA:207,3
DA:208,3
DA:209,3
DA:210,3
DA:211,3
DA:228,4
DA:229,4
DA:230,0
DA:231,0
DA:233,0
DA:235,4
DA:236,4
DA:237,4
DA:238,4
DA:239,4
DA:240,4
DA:241,4
DA:242,4
DA:243,4
DA:260,4
DA:261,4
DA:262,0
DA:263,0
DA:265,0
DA:267,4
DA:268,4
DA:269,4
DA:270,4
DA:271,4
DA:272,4
DA:273,4
DA:274,4
DA:275,4
LF:137
LH:108
BRDA:2,0,0,1
BRDA:2,0,1,0
BRDA:2,1,0,1
BRDA:2,1,1,0
BRDA:25,2,0,1
BRDA:25,2,1,6
BRDA:34,3,0,0
BRDA:34,3,1,501
BRDA:34,4,0,501
BRDA:34,4,1,501
BRDA:37,5,0,500
BRDA:37,5,1,1
BRDA:59,6,0,0
BRDA:59,6,1,0
BRDA:69,7,0,8
BRDA:69,7,1,0
BRDA:87,8,0,4
BRDA:87,8,1,0
BRDA:88,9,0,0
BRDA:88,9,1,4
BRDA:118,10,0,3
BRDA:118,10,1,2
BRDA:121,11,0,1
BRDA:121,11,1,2
BRDA:126,12,0,4
BRDA:126,12,1,0
BRDA:127,13,0,0
BRDA:127,13,1,4
BRDA:143,14,0,2
BRDA:143,14,1,2
BRDA:166,15,0,3
BRDA:166,15,1,0
BRDA:167,16,0,0
BRDA:167,16,1,3
BRDA:197,17,0,3
BRDA:197,17,1,0
BRDA:198,18,0,0
BRDA:198,18,1,3
BRDA:229,19,0,0
BRDA:229,19,1,4
BRDA:261,20,0,0
BRDA:261,20,1,4
BRF:42
BRH:26
end_of_record
TN:
SF:src\com\eduworks\ec\graph\EcDirectedGraph.js
FN:17,(anonymous_0)
FN:23,(anonymous_1)
FN:29,(anonymous_2)
FN:34,(anonymous_3)
FN:39,(anonymous_4)
FN:42,(anonymous_5)
FN:45,(anonymous_6)
FN:56,(anonymous_7)
FN:67,(anonymous_8)
FN:78,(anonymous_9)
FN:93,(anonymous_10)
FN:109,(anonymous_11)
FN:113,(anonymous_12)
FN:118,(anonymous_13)
FN:135,(anonymous_14)
FN:146,(anonymous_15)
FN:161,(anonymous_16)
FN:172,(anonymous_17)
FN:183,(anonymous_18)
FN:186,(anonymous_19)
FN:189,(anonymous_20)
FN:190,(anonymous_21)
FN:191,(anonymous_22)
FN:199,(anonymous_23)
FN:202,(anonymous_24)
FN:211,(anonymous_25)
FN:220,(anonymous_26)
FN:223,(anonymous_27)
FN:226,(anonymous_28)
FN:233,(anonymous_29)
FN:240,(anonymous_30)
FN:249,(anonymous_31)
FN:258,(anonymous_32)
FN:265,(anonymous_33)
FN:272,(anonymous_34)
FN:275,(anonymous_35)
FN:278,(anonymous_36)
FN:285,(anonymous_37)
FN:292,(anonymous_38)
FN:302,(anonymous_39)
FN:310,(anonymous_40)
FN:321,(anonymous_41)
FNF:42
FNH:1
FNDA:0,(anonymous_0)
FNDA:0,(anonymous_1)
FNDA:0,(anonymous_2)
FNDA:0,(anonymous_3)
FNDA:0,(anonymous_4)
FNDA:0,(anonymous_5)
FNDA:0,(anonymous_6)
FNDA:0,(anonymous_7)
FNDA:0,(anonymous_8)
FNDA:0,(anonymous_9)
FNDA:0,(anonymous_10)
FNDA:2,(anonymous_11)
FNDA:0,(anonymous_12)
FNDA:0,(anonymous_13)
FNDA:0,(anonymous_14)
FNDA:0,(anonymous_15)
FNDA:0,(anonymous_16)
FNDA:0,(anonymous_17)
FNDA:0,(anonymous_18)
FNDA:0,(anonymous_19)
FNDA:0,(anonymous_20)
FNDA:0,(anonymous_21)
FNDA:0,(anonymous_22)
FNDA:0,(anonymous_23)
FNDA:0,(anonymous_24)
FNDA:0,(anonymous_25)
FNDA:0,(anonymous_26)
FNDA:0,(anonymous_27)
FNDA:0,(anonymous_28)
FNDA:0,(anonymous_29)
FNDA:0,(anonymous_30)
FNDA:0,(anonymous_31)
FNDA:0,(anonymous_32)
FNDA:0,(anonymous_33)
FNDA:0,(anonymous_34)
FNDA:0,(anonymous_35)
FNDA:0,(anonymous_36)
FNDA:0,(anonymous_37)
FNDA:0,(anonymous_38)
FNDA:0,(anonymous_39)
FNDA:0,(anonymous_40)
FNDA:0,(anonymous_41)
DA:1,1
DA:2,1
DA:3,1
DA:14,1
DA:15,2
DA:16,2
DA:18,0
DA:19,0
DA:20,0
DA:21,0
DA:24,0
DA:25,0
DA:26,0
DA:27,0
DA:30,0
DA:31,0
DA:32,0
DA:35,0
DA:36,0
DA:37,0
DA:40,0
DA:43,0
DA:46,0
DA:47,0
DA:48,0
DA:49,0
DA:50,0
DA:51,0
DA:53,0
DA:54,0
DA:57,0
DA:58,0
DA:59,0
DA:60,0
DA:61,0
DA:62,0
DA:64,0
DA:65,0
DA:68,0
DA:69,0
DA:70,0
DA:71,0
DA:72,0
DA:75,0
DA:76,0
DA:79,0
DA:80,0
DA:84,0
DA:85,0
DA:89,0
DA:91,0
DA:94,0
DA:95,0
DA:96,0
DA:100,0
DA:101,0
DA:105,0
DA:107,0
DA:110,2
DA:111,2
DA:114,0
DA:115,0
DA:116,0
DA:119,0
DA:120,0
DA:121,0
DA:122,0
DA:126,0
DA:127,0
DA:130,0
DA:131,0
DA:133,0
DA:136,0
DA:137,0
DA:138,0
DA:139,0
DA:140,0
DA:141,0
DA:144,0
DA:147,0
DA:148,0
DA:152,0
DA:153,0
DA:157,0
DA:159,0
DA:162,0
DA:163,0
DA:168,0
DA:170,0
DA:173,0
DA:174,0
DA:175,0
DA:179,0
DA:181,0
DA:184,0
DA:187,0
DA:192,0
DA:193,0
DA:194,0
DA:195,0
DA:197,0
DA:200,0
DA:203,0
DA:204,0
DA:205,0
DA:206,0
DA:208,0
DA:209,0
DA:212,0
DA:213,0
DA:214,0
DA:215,0
DA:217,0
DA:218,0
DA:221,0
DA:224,0
DA:227,0
DA:228,0
DA:229,0
DA:231,0
DA:234,0
DA:235,0
DA:236,0
DA:238,0
DA:241,0
DA:242,0
DA:243,0
DA:244,0
DA:246,0
DA:247,0
DA:250,0
DA:251,0
DA:252,0
DA:253,0
DA:255,0
DA:256,0
DA:259,0
DA:260,0
DA:261,0
DA:263,0
DA:266,0
DA:267,0
DA:268,0
DA:270,0
DA:273,0
DA:276,0
DA:279,0
DA:280,0
DA:281,0
DA:283,0
DA:286,0
DA:287,0
DA:288,0
DA:290,0
DA:293,0
DA:294,0
DA:295,0
DA:296,0
DA:297,0
DA:298,0
DA:299,0
DA:300,0
DA:303,0
DA:304,0
DA:305,0
DA:306,0
DA:307,0
DA:308,0
DA:311,0
DA:312,0
DA:313,0
DA:314,0
DA:315,0
DA:316,0
DA:317,0
DA:318,0
DA:319,0
DA:322,0
DA:323,0
DA:324,0
DA:325,0
DA:326,0
DA:327,0
DA:329,0
LF:184
LH:8
BRDA:31,0,0,0
BRDA:31,0,1,0
BRDA:36,1,0,0
BRDA:36,1,1,0
BRDA:48,2,0,0
BRDA:48,2,1,0
BRDA:50,3,0,0
BRDA:50,3,1,0
BRDA:59,4,0,0
BRDA:59,4,1,0
BRDA:61,5,0,0
BRDA:61,5,1,0
BRDA:70,6,0,0
BRDA:70,6,1,0
BRDA:80,7,0,0
BRDA:80,7,1,0
BRDA:81,8,0,0
BRDA:81,8,1,0
BRDA:85,9,0,0
BRDA:85,9,1,0
BRDA:86,10,0,0
BRDA:86,10,1,0
BRDA:96,11,0,0
BRDA:96,11,1,0
BRDA:97,12,0,0
BRDA:97,12,1,0
BRDA:101,13,0,0
BRDA:101,13,1,0
BRDA:102,14,0,0
BRDA:102,14,1,0
BRDA:114,15,0,0
BRDA:114,15,1,0
BRDA:120,16,0,0
BRDA:120,16,1,0
BRDA:122,17,0,0
BRDA:122,17,1,0
BRDA:123,18,0,0
BRDA:123,18,1,0
BRDA:138,19,0,0
BRDA:138,19,1,0
BRDA:148,20,0,0
BRDA:148,20,1,0
BRDA:149,21,0,0
BRDA:149,21,1,0
BRDA:153,22,0,0
BRDA:153,22,1,0
BRDA:154,23,0,0
BRDA:154,23,1,0
BRDA:163,24,0,0
BRDA:163,24,1,0
BRDA:164,25,0,0
BRDA:164,25,1,0
BRDA:164,25,2,0
BRDA:175,26,0,0
BRDA:175,26,1,0
BRDA:176,27,0,0
BRDA:176,27,1,0
BRDA:194,28,0,0
BRDA:194,28,1,0
BRDA:205,29,0,0
BRDA:205,29,1,0
BRDA:214,30,0,0
BRDA:214,30,1,0
BRDA:228,31,0,0
BRDA:228,31,1,0
BRDA:235,32,0,0
BRDA:235,32,1,0
BRDA:243,33,0,0
BRDA:243,33,1,0
BRDA:252,34,0,0
BRDA:252,34,1,0
BRDA:260,35,0,0
BRDA:260,35,1,0
BRDA:261,36,0,0
BRDA:261,36,1,0
BRDA:267,37,0,0
BRDA:267,37,1,0
BRDA:268,38,0,0
BRDA:268,38,1,0
BRDA:280,39,0,0
BRDA:280,39,1,0
BRDA:281,40,0,0
BRDA:281,40,1,0
BRDA:287,41,0,0
BRDA:287,41,1,0
BRDA:288,42,0,0
BRDA:288,42,1,0
BRDA:317,43,0,0
BRDA:317,43,1,0
BRDA:323,44,0,0
BRDA:323,44,1,0
BRDA:324,45,0,0
BRDA:324,45,1,0
BRDA:326,46,0,0
BRDA:326,46,1,0
BRF:95
BRH:0
end_of_record
TN:
SF:src\com\eduworks\ec\graph\EcFrameworkGraph.js
FN:19,(anonymous_0)
FN:49,(anonymous_1)
FN:59,(anonymous_2)
FN:61,(anonymous_3)
FN:65,(anonymous_4)
FN:67,(anonymous_5)
FN:75,(anonymous_6)
FN:80,(anonymous_7)
FN:111,(anonymous_8)
FN:114,(anonymous_9)
FN:128,(anonymous_10)
FN:149,(anonymous_11)
FN:167,(anonymous_12)
FN:168,(anonymous_13)
FN:178,(anonymous_14)
FN:180,(anonymous_15)
FN:181,(anonymous_16)
FN:201,(anonymous_17)
FN:202,(anonymous_18)
FN:212,(anonymous_19)
FN:214,(anonymous_20)
FN:215,(anonymous_21)
FN:229,(anonymous_22)
FN:251,(anonymous_23)
FN:273,(anonymous_24)
FN:286,(anonymous_25)
FN:295,(anonymous_26)
FN:304,(anonymous_27)
FN:307,(anonymous_28)
FN:312,(anonymous_29)
FN:315,(anonymous_30)
FN:318,(anonymous_31)
FN:324,(anonymous_32)
FN:329,(anonymous_33)
FN:336,(anonymous_34)
FN:355,(anonymous_35)
FN:358,(anonymous_36)
FN:361,(anonymous_37)
FN:366,(anonymous_38)
FN:370,(anonymous_39)
FN:374,(anonymous_40)
FN:385,(anonymous_41)
FN:394,(anonymous_42)
FN:406,(anonymous_43)
FNF:44
FNH:21
FNDA:2,(anonymous_0)
FNDA:2,(anonymous_1)
FNDA:2,(anonymous_2)
FNDA:2,(anonymous_3)
FNDA:2,(anonymous_4)
FNDA:0,(anonymous_5)
FNDA:0,(anonymous_6)
FNDA:2,(anonymous_7)
FNDA:2,(anonymous_8)
FNDA:2,(anonymous_9)
FNDA:1,(anonymous_10)
FNDA:2,(anonymous_11)
FNDA:0,(anonymous_12)
FNDA:0,(anonymous_13)
FNDA:1,(anonymous_14)
FNDA:0,(anonymous_15)
FNDA:0,(anonymous_16)
FNDA:0,(anonymous_17)
FNDA:0,(anonymous_18)
FNDA:1,(anonymous_19)
FNDA:0,(anonymous_20)
FNDA:0,(anonymous_21)
FNDA:0,(anonymous_22)
FNDA:0,(anonymous_23)
FNDA:3,(anonymous_24)
FNDA:5,(anonymous_25)
FNDA:0,(anonymous_26)
FNDA:5,(anonymous_27)
FNDA:2,(anonymous_28)
FNDA:2,(anonymous_29)
FNDA:0,(anonymous_30)
FNDA:1,(anonymous_31)
FNDA:0,(anonymous_32)
FNDA:2,(anonymous_33)
FNDA:0,(anonymous_34)
FNDA:0,(anonymous_35)
FNDA:0,(anonymous_36)
FNDA:0,(anonymous_37)
FNDA:2,(anonymous_38)
FNDA:2,(anonymous_39)
FNDA:0,(anonymous_40)
FNDA:0,(anonymous_41)
FNDA:0,(anonymous_42)
FNDA:0,(anonymous_43)
DA:1,1
DA:2,1
DA:3,1
DA:4,1
DA:5,1
DA:6,1
DA:7,1
DA:8,1
DA:9,1
DA:18,1
DA:20,2
DA:21,2
DA:22,2
DA:23,2
DA:24,2
DA:25,2
DA:26,2
DA:27,2
DA:29,2
DA:30,2
DA:31,2
DA:32,2
DA:33,2
DA:34,2
DA:35,2
DA:36,2
DA:37,2
DA:38,2
DA:50,2
DA:51,2
DA:52,2
DA:53,2
DA:54,2
DA:60,2
DA:61,2
DA:63,2
DA:66,2
DA:68,0
DA:71,2
DA:76,0
DA:77,0
DA:81,2
DA:82,0
DA:83,2
DA:84,2
DA:85,2
DA:86,2
DA:87,2
DA:92,2
DA:93,0
DA:94,0
DA:95,0
DA:96,0
DA:97,0
DA:112,2
DA:113,2
DA:115,2
DA:116,0
DA:118,2
DA:119,1
DA:120,1
DA:121,1
DA:122,0
DA:124,1
DA:127,1
DA:129,1
DA:131,1
DA:138,1
DA:146,1
DA:147,1
DA:155,2
DA:156,0
DA:158,2
DA:159,2
DA:160,1
DA:161,0
DA:166,1
DA:168,0
DA:169,0
DA:179,1
DA:181,0
DA:182,0
DA:194,1
DA:195,1
DA:200,1
DA:202,0
DA:203,0
DA:213,1
DA:215,0
DA:216,0
DA:236,0
DA:237,0
DA:243,0
DA:244,0
DA:258,0
DA:259,0
DA:265,0
DA:266,0
DA:274,3
DA:275,1
DA:276,1
DA:287,5
DA:288,5
DA:289,3
DA:290,1
DA:291,1
DA:293,3
DA:296,0
DA:297,0
DA:298,0
DA:299,0
DA:300,0
DA:302,0
DA:305,5
DA:308,2
DA:313,2
DA:316,0
DA:319,1
DA:320,1
DA:321,1
DA:322,1
DA:325,0
DA:326,0
DA:327,0
DA:330,2
DA:331,2
DA:332,2
DA:333,2
DA:334,2
DA:337,0
DA:338,0
DA:339,0
DA:340,0
DA:343,0
DA:344,0
DA:345,0
DA:346,0
DA:347,0
DA:348,0
DA:349,0
DA:350,0
DA:351,0
DA:352,0
DA:353,0
DA:356,0
DA:359,0
DA:362,0
DA:364,2
DA:365,2
DA:367,2
DA:368,0
DA:371,2
DA:372,0
DA:375,0
DA:376,0
DA:377,0
DA:378,0
DA:379,0
DA:380,0
DA:381,0
DA:382,0
DA:383,0
DA:386,0
DA:387,0
DA:388,0
DA:389,0
DA:390,0
DA:391,0
DA:392,0
DA:395,0
DA:396,0
DA:397,0
DA:398,0
DA:399,0
DA:400,0
DA:401,0
DA:402,0
DA:403,0
DA:404,0
DA:409,0
DA:410,0
DA:411,0
DA:412,0
DA:413,0
DA:414,0
LF:185
LH:94
BRDA:52,0,0,0
BRDA:52,0,1,2
BRDA:53,1,0,2
BRDA:53,1,1,0
BRDA:76,2,0,0
BRDA:76,2,1,0
BRDA:81,3,0,0
BRDA:81,3,1,2
BRDA:83,4,0,0
BRDA:83,4,1,2
BRDA:84,5,0,2
BRDA:84,5,1,0
BRDA:86,6,0,0
BRDA:86,6,1,2
BRDA:93,7,0,0
BRDA:93,7,1,0
BRDA:95,8,0,0
BRDA:95,8,1,0
BRDA:115,9,0,0
BRDA:115,9,1,2
BRDA:119,10,0,1
BRDA:119,10,1,0
BRDA:121,11,0,0
BRDA:121,11,1,1
BRDA:146,12,0,1
BRDA:146,12,1,0
BRDA:155,13,0,0
BRDA:155,13,1,2
BRDA:159,14,0,1
BRDA:159,14,1,1
BRDA:236,15,0,0
BRDA:236,15,1,0
BRDA:243,16,0,0
BRDA:243,16,1,0
BRDA:258,17,0,0
BRDA:258,17,1,0
BRDA:265,18,0,0
BRDA:265,18,1,0
BRDA:274,19,0,2
BRDA:274,19,1,1
BRDA:275,20,0,1
BRDA:275,20,1,0
BRDA:288,21,0,3
BRDA:288,21,1,2
BRDA:288,22,0,5
BRDA:288,22,1,2
BRDA:289,23,0,2
BRDA:289,23,1,1
BRDA:290,24,0,1
BRDA:290,24,1,0
BRDA:297,25,0,0
BRDA:297,25,1,0
BRDA:298,26,0,0
BRDA:298,26,1,0
BRDA:299,27,0,0
BRDA:299,27,1,0
BRDA:313,28,0,2
BRDA:313,28,1,2
BRDA:321,29,0,0
BRDA:321,29,1,1
BRDA:330,30,0,0
BRDA:330,30,1,2
BRDA:331,31,0,0
BRDA:331,31,1,2
BRDA:337,32,0,0
BRDA:337,32,1,0
BRDA:338,33,0,0
BRDA:338,33,1,0
BRDA:343,34,0,0
BRDA:343,34,1,0
BRDA:343,35,0,0
BRDA:343,35,1,0
BRDA:345,36,0,0
BRDA:345,36,1,0
BRDA:346,37,0,0
BRDA:346,37,1,0
BRDA:348,38,0,0
BRDA:348,38,1,0
BRDA:348,39,0,0
BRDA:348,39,1,0
BRDA:350,40,0,0
BRDA:350,40,1,0
BRDA:351,41,0,0
BRDA:351,41,1,0
BRDA:352,42,0,0
BRDA:352,42,1,0
BRDA:352,43,0,0
BRDA:352,43,1,0
BRDA:367,44,0,2
BRDA:367,44,1,0
BRDA:371,45,0,2
BRDA:371,45,1,0
BRDA:401,46,0,0
BRDA:401,46,1,0
BRDA:409,47,0,0
BRDA:409,47,1,0
BRDA:412,48,0,0
BRDA:412,48,1,0
BRF:98
BRH:30
end_of_record
TN:
SF:src\com\eduworks\ec\graph\Graph.js
FN:53,(anonymous_0)
FN:63,(anonymous_1)
FN:76,(anonymous_2)
FN:89,(anonymous_3)
FN:98,(anonymous_4)
FN:107,(anonymous_5)
FN:117,(anonymous_6)
FN:127,(anonymous_7)
FN:136,(anonymous_8)
FN:145,(anonymous_9)
FN:158,(anonymous_10)
FN:172,(anonymous_11)
FN:182,(anonymous_12)
FN:191,(anonymous_13)
FN:212,(anonymous_14)
FN:222,(anonymous_15)
FNF:16
FNH:0
FNDA:0,(anonymous_0)
FNDA:0,(anonymous_1)
FNDA:0,(anonymous_2)
FNDA:0,(anonymous_3)
FNDA:0,(anonymous_4)
FNDA:0,(anonymous_5)
FNDA:0,(anonymous_6)
FNDA:0,(anonymous_7)
FNDA:0,(anonymous_8)
FNDA:0,(anonymous_9)
FNDA:0,(anonymous_10)
FNDA:0,(anonymous_11)
FNDA:0,(anonymous_12)
FNDA:0,(anonymous_13)
FNDA:0,(anonymous_14)
FNDA:0,(anonymous_15)
DA:1,1
DA:43,1
LF:2
LH:2
BRF:0
BRH:0
end_of_record
TN:
SF:src\com\eduworks\ec\graph\Hypergraph.js
FN:51,(anonymous_0)
FN:60,(anonymous_1)
FN:70,(anonymous_2)
FN:79,(anonymous_3)
FN:86,(anonymous_4)
FN:93,(anonymous_5)
FN:106,(anonymous_6)
FN:117,(anonymous_7)
FN:132,(anonymous_8)
FN:161,(anonymous_9)
FN:189,(anonymous_10)
FN:200,(anonymous_11)
FN:224,(anonymous_12)
FN:245,(anonymous_13)
FN:255,(anonymous_14)
FN:266,(anonymous_15)
FN:279,(anonymous_16)
FN:303,(anonymous_17)
FN:316,(anonymous_18)
FN:329,(anonymous_19)
FN:338,(anonymous_20)
FN:345,(anonymous_21)
FN:357,(anonymous_22)
FN:365,(anonymous_23)
FN:375,(anonymous_24)
FN:385,(anonymous_25)
FN:394,(anonymous_26)
FN:403,(anonymous_27)
FN:416,(anonymous_28)
FN:430,(anonymous_29)
FN:444,(anonymous_30)
FN:458,(anonymous_31)
FNF:32
FNH:0
FNDA:0,(anonymous_0)
FNDA:0,(anonymous_1)
FNDA:0,(anonymous_2)
FNDA:0,(anonymous_3)
FNDA:0,(anonymous_4)
FNDA:0,(anonymous_5)
FNDA:0,(anonymous_6)
FNDA:0,(anonymous_7)
FNDA:0,(anonymous_8)
FNDA:0,(anonymous_9)
FNDA:0,(anonymous_10)
FNDA:0,(anonymous_11)
FNDA:0,(anonymous_12)
FNDA:0,(anonymous_13)
FNDA:0,(anonymous_14)
FNDA:0,(anonymous_15)
FNDA:0,(anonymous_16)
FNDA:0,(anonymous_17)
FNDA:0,(anonymous_18)
FNDA:0,(anonymous_19)
FNDA:0,(anonymous_20)
FNDA:0,(anonymous_21)
FNDA:0,(anonymous_22)
FNDA:0,(anonymous_23)
FNDA:0,(anonymous_24)
FNDA:0,(anonymous_25)
FNDA:0,(anonymous_26)
FNDA:0,(anonymous_27)
FNDA:0,(anonymous_28)
FNDA:0,(anonymous_29)
FNDA:0,(anonymous_30)
FNDA:0,(anonymous_31)
DA:42,1
LF:1
LH:1
BRF:0
BRH:0
end_of_record
TN:
SF:src\com\eduworks\ec\graph\Triple.js
FN:37,(anonymous_0)
FNF:1
FNH:0
FNDA:0,(anonymous_0)
DA:8,1
DA:15,0
DA:22,0
DA:29,0
DA:38,0
DA:39,0
DA:40,0
DA:41,0
DA:46,0
DA:48,0
LF:10
LH:1
BRDA:38,0,0,0
BRDA:38,0,1,0
BRDA:39,1,0,0
BRDA:39,1,1,0
BRDA:41,2,0,0
BRDA:41,2,1,0
BRDA:42,3,0,0
BRDA:42,3,1,0
BRDA:42,3,2,0
BRF:9
BRH:0
end_of_record
TN:
SF:src\com\eduworks\ec\promises\helpers.js
FN:3,(anonymous_0)
FN:12,(anonymous_1)
FN:13,(anonymous_2)
FNF:3
FNH:3
FNDA:411,(anonymous_0)
FNDA:14,(anonymous_1)
FNDA:14,(anonymous_2)
DA:2,1
DA:4,411
DA:5,2
DA:6,409
DA:7,0
DA:8,409
DA:9,14
DA:10,411
DA:13,14
DA:14,14
DA:16,0
DA:18,14
DA:20,14
DA:21,6
DA:22,8
DA:23,0
DA:24,8
DA:25,0
DA:26,14
LF:19
LH:15
BRDA:4,0,0,2
BRDA:4,0,1,409
BRDA:4,1,0,411
BRDA:4,1,1,41
BRDA:4,1,2,2
BRDA:4,1,3,2
BRDA:6,2,0,0
BRDA:6,2,1,409
BRDA:6,3,0,409
BRDA:6,3,1,39
BRDA:8,4,0,14
BRDA:8,4,1,395
BRDA:8,5,0,409
BRDA:8,5,1,39
BRDA:14,6,0,0
BRDA:14,6,1,14
BRDA:14,7,0,14
BRDA:14,7,1,14
BRDA:20,8,0,6
BRDA:20,8,1,8
BRDA:20,9,0,14
BRDA:20,9,1,10
BRDA:20,9,2,6
BRDA:20,9,3,6
BRDA:22,10,0,0
BRDA:22,10,1,8
BRDA:22,11,0,8
BRDA:22,11,1,4
BRDA:24,12,0,0
BRDA:24,12,1,8
BRDA:24,13,0,8
BRDA:24,13,1,4
BRF:32
BRH:28
end_of_record
TN:
SF:src\com\eduworks\ec\remote\EcRemote.js
FN:46,http2AdapterEnhancer
FN:47,(anonymous_1)
FN:51,request
FN:103,httpsAdapterEnhancer
FN:104,(anonymous_4)
FN:108,request
FN:136,(anonymous_6)
FN:141,(anonymous_7)
FN:169,(anonymous_8)
FN:187,(anonymous_9)
FN:206,(anonymous_10)
FN:223,(anonymous_11)
FN:259,(anonymous_12)
FN:263,(anonymous_13)
FN:290,(anonymous_14)
FN:306,(anonymous_15)
FN:311,(anonymous_16)
FN:315,(anonymous_17)
FN:328,(anonymous_18)
FN:351,(anonymous_19)
FN:358,(anonymous_20)
FN:362,(anonymous_21)
FN:375,(anonymous_22)
FNF:23
FNH:13
FNDA:1,http2AdapterEnhancer
FNDA:27,(anonymous_1)
FNDA:0,request
FNDA:0,httpsAdapterEnhancer
FNDA:0,(anonymous_4)
FNDA:0,request
FNDA:0,(anonymous_6)
FNDA:0,(anonymous_7)
FNDA:12,(anonymous_8)
FNDA:8,(anonymous_9)
FNDA:0,(anonymous_10)
FNDA:20,(anonymous_11)
FNDA:20,(anonymous_12)
FNDA:0,(anonymous_13)
FNDA:1,(anonymous_14)
FNDA:1,(anonymous_15)
FNDA:1,(anonymous_16)
FNDA:0,(anonymous_17)
FNDA:1,(anonymous_18)
FNDA:6,(anonymous_19)
FNDA:6,(anonymous_20)
FNDA:0,(anonymous_21)
FNDA:27,(anonymous_22)
DA:1,1
DA:3,1
DA:4,1
DA:5,1
DA:6,1
DA:7,1
DA:8,1
DA:13,1
DA:15,1
DA:16,1
DA:17,1
DA:20,1
DA:27,1
DA:28,1
DA:29,1
DA:30,1
DA:32,1
DA:33,1
DA:34,0
DA:35,1
DA:36,1
DA:40,1
DA:41,1
DA:42,1
DA:44,0
DA:47,1
DA:48,27
DA:50,0
DA:52,0
DA:53,0
DA:54,0
DA:57,0
DA:58,0
DA:59,0
DA:61,0
DA:64,0
DA:65,0
DA:67,0
DA:68,0
DA:69,0
DA:70,0
DA:71,0
DA:72,0
DA:73,0
DA:74,0
DA:75,0
DA:76,0
DA:80,0
DA:81,0
DA:82,0
DA:84,27
DA:88,1
DA:89,1
DA:92,0
DA:93,0
DA:94,0
DA:95,0
DA:98,0
DA:99,0
DA:101,0
DA:104,0
DA:105,0
DA:107,0
DA:109,0
DA:110,0
DA:111,0
DA:114,0
DA:115,0
DA:117,0
DA:121,0
DA:125,1
DA:135,1
DA:137,0
DA:142,0
DA:152,1
DA:170,12
DA:188,8
DA:214,0
DA:231,20
DA:232,20
DA:233,0
DA:235,20
DA:236,18
DA:238,20
DA:239,20
DA:240,20
DA:242,20
DA:243,20
DA:246,0
DA:249,20
DA:250,20
DA:251,20
DA:252,0
DA:253,20
DA:261,20
DA:264,0
DA:265,0
DA:266,0
DA:267,0
DA:268,0
DA:269,0
DA:271,0
DA:273,0
DA:275,20
DA:291,1
DA:307,1
DA:308,1
DA:309,1
DA:312,1
DA:313,1
DA:316,0
DA:317,0
DA:318,0
DA:319,0
DA:320,0
DA:322,0
DA:324,0
DA:326,1
DA:329,1
DA:330,1
DA:331,0
DA:333,1
DA:334,1
DA:336,1
DA:352,6
DA:353,6
DA:360,6
DA:363,0
DA:364,0
DA:365,0
DA:366,0
DA:367,0
DA:369,0
DA:371,0
DA:373,6
DA:376,27
DA:377,0
DA:378,0
DA:379,0
DA:380,0
DA:381,0
DA:382,0
DA:388,27
LF:143
LH:66
BRDA:5,0,0,1
BRDA:5,0,1,0
BRDA:6,1,0,1
BRDA:6,1,1,0
BRDA:7,2,0,1
BRDA:7,2,1,0
BRDA:13,3,0,1
BRDA:13,3,1,0
BRDA:17,4,0,1
BRDA:17,4,1,0
BRDA:17,5,0,1
BRDA:17,5,1,1
BRDA:30,6,0,1
BRDA:30,6,1,0
BRDA:33,7,0,0
BRDA:33,7,1,1
BRDA:36,8,0,1
BRDA:36,8,1,0
BRDA:48,9,0,0
BRDA:48,9,1,27
BRDA:48,10,0,27
BRDA:48,10,1,27
BRDA:53,11,0,0
BRDA:53,11,1,0
BRDA:58,12,0,0
BRDA:58,12,1,0
BRDA:70,13,0,0
BRDA:70,13,1,0
BRDA:70,14,0,0
BRDA:70,14,1,0
BRDA:73,15,0,0
BRDA:73,15,1,0
BRDA:75,16,0,0
BRDA:75,16,1,0
BRDA:81,17,0,0
BRDA:81,17,1,0
BRDA:92,18,0,0
BRDA:92,18,1,0
BRDA:95,19,0,0
BRDA:95,19,1,0
BRDA:105,20,0,0
BRDA:105,20,1,0
BRDA:105,21,0,0
BRDA:105,21,1,0
BRDA:105,22,0,0
BRDA:105,22,1,0
BRDA:232,23,0,0
BRDA:232,23,1,20
BRDA:232,24,0,20
BRDA:232,24,1,10
BRDA:232,24,2,8
BRDA:235,25,0,18
BRDA:235,25,1,2
BRDA:240,26,0,20
BRDA:240,26,1,0
BRDA:249,27,0,20
BRDA:249,27,1,0
BRDA:251,28,0,0
BRDA:251,28,1,20
BRDA:251,29,0,20
BRDA:251,29,1,20
BRDA:264,30,0,0
BRDA:264,30,1,0
BRDA:265,31,0,0
BRDA:265,31,1,0
BRDA:265,32,0,0
BRDA:265,32,1,0
BRDA:265,32,2,0
BRDA:265,32,3,0
BRDA:266,33,0,0
BRDA:266,33,1,0
BRDA:267,34,0,0
BRDA:267,34,1,0
BRDA:312,35,0,1
BRDA:312,35,1,0
BRDA:316,36,0,0
BRDA:316,36,1,0
BRDA:316,37,0,0
BRDA:316,37,1,0
BRDA:316,37,2,0
BRDA:316,37,3,0
BRDA:317,38,0,0
BRDA:317,38,1,0
BRDA:318,39,0,0
BRDA:318,39,1,0
BRDA:319,40,0,0
BRDA:319,40,1,0
BRDA:330,41,0,0
BRDA:330,41,1,1
BRDA:330,42,0,1
BRDA:330,42,1,0
BRDA:330,42,2,0
BRDA:333,43,0,1
BRDA:333,43,1,0
BRDA:363,44,0,0
BRDA:363,44,1,0
BRDA:363,45,0,0
BRDA:363,45,1,0
BRDA:363,45,2,0
BRDA:363,45,3,0
BRDA:364,46,0,0
BRDA:364,46,1,0
BRDA:365,47,0,0
BRDA:365,47,1,0
BRDA:366,48,0,0
BRDA:366,48,1,0
BRDA:376,49,0,0
BRDA:376,49,1,27
BRDA:377,50,0,0
BRDA:377,50,1,0
BRDA:378,51,0,0
BRDA:378,51,1,0
BRDA:379,52,0,0
BRDA:379,52,1,0
BRDA:380,53,0,0
BRDA:380,53,1,0
BRDA:381,54,0,0
BRDA:381,54,1,0
BRF:118
BRH:29
end_of_record
TN:
SF:src\com\eduworks\schema\ebac\EbacCredential.js
FN:14,(anonymous_0)
FN:49,(anonymous_1)
FN:64,(anonymous_2)
FNF:3
FNH:0
FNDA:0,(anonymous_0)
FNDA:0,(anonymous_1)
FNDA:0,(anonymous_2)
DA:1,1
DA:2,1
DA:13,1
DA:15,0
DA:17,1
DA:18,1
DA:19,1
DA:20,1
DA:27,0
DA:34,0
DA:41,0
DA:48,0
DA:50,0
DA:51,0
DA:52,0
DA:53,0
DA:54,0
DA:55,0
DA:57,0
DA:58,0
DA:60,0
DA:61,0
DA:65,0
DA:66,0
DA:67,0
DA:68,0
DA:69,0
DA:70,0
LF:28
LH:7
BRDA:51,0,0,0
BRDA:51,0,1,0
BRDA:53,1,0,0
BRDA:53,1,1,0
BRDA:53,2,0,0
BRDA:53,2,1,0
BRDA:57,3,0,0
BRDA:57,3,1,0
BRDA:60,4,0,0
BRDA:60,4,1,0
BRF:10
BRH:0
end_of_record
TN:
SF:src\com\eduworks\schema\ebac\EbacCredentialCommit.js
FN:16,(anonymous_0)
FN:53,(anonymous_1)
FN:77,(anonymous_2)
FNF:3
FNH:0
FNDA:0,(anonymous_0)
FNDA:0,(anonymous_1)
FNDA:0,(anonymous_2)
DA:1,1
DA:2,1
DA:3,1
DA:15,1
DA:17,0
DA:18,0
DA:20,1
DA:21,1
DA:22,1
DA:23,1
DA:30,0
DA:37,0
DA:45,0
DA:52,0
DA:54,0
DA:55,0
DA:56,0
DA:57,0
DA:58,0
DA:59,0
DA:64,0
DA:65,0
DA:70,0
DA:71,0
DA:78,0
DA:79,0
DA:80,0
DA:81,0
DA:82,0
DA:83,0
LF:30
LH:8
BRDA:55,0,0,0
BRDA:55,0,1,0
BRDA:57,1,0,0
BRDA:57,1,1,0
BRDA:57,2,0,0
BRDA:57,2,1,0
BRDA:64,3,0,0
BRDA:64,3,1,0
BRDA:70,4,0,0
BRDA:70,4,1,0
BRF:10
BRH:0
end_of_record
